DEBUG main org.apache.ibatis.logging.LogFactory - Logging initialized using 'class org.apache.ibatis.logging.log4j.Log4jImpl' adapter.
DEBUG main org.apache.ibatis.datasource.pooled.PooledDataSource - PooledDataSource forcefully closed/removed all connections.
DEBUG main org.apache.ibatis.datasource.pooled.PooledDataSource - PooledDataSource forcefully closed/removed all connections.
DEBUG main org.apache.ibatis.datasource.pooled.PooledDataSource - PooledDataSource forcefully closed/removed all connections.
DEBUG main org.apache.ibatis.datasource.pooled.PooledDataSource - PooledDataSource forcefully closed/removed all connections.
DEBUG main org.apache.ibatis.transaction.jdbc.JdbcTransaction - Opening JDBC Connection
DEBUG main org.apache.ibatis.datasource.pooled.PooledDataSource - Created connection 1552999801.
DEBUG main org.apache.ibatis.transaction.jdbc.JdbcTransaction - Setting autocommit to false on JDBC Connection [com.mysql.cj.jdbc.ConnectionImpl@5c90e579]
DEBUG main com.atguigu.mybatis.mapper.EmployeeMapper.selectAll - ==>  Preparing: select * from tbl_employee;
DEBUG main com.atguigu.mybatis.mapper.EmployeeMapper.selectAll - ==> Parameters:
DEBUG main com.atguigu.mybatis.mapper.EmployeeMapper.selectAll - <==      Total: 2
DEBUG main org.apache.ibatis.transaction.jdbc.JdbcTransaction - Resetting autocommit to true on JDBC Connection [com.mysql.cj.jdbc.ConnectionImpl@5c90e579]
DEBUG main org.apache.ibatis.transaction.jdbc.JdbcTransaction - Closing JDBC Connection [com.mysql.cj.jdbc.ConnectionImpl@5c90e579]
DEBUG main org.apache.ibatis.datasource.pooled.PooledDataSource - Returned connection 1552999801 to pool.
DEBUG main org.apache.ibatis.logging.LogFactory - Logging initialized using 'class org.apache.ibatis.logging.log4j.Log4jImpl' adapter.
DEBUG main org.apache.ibatis.datasource.pooled.PooledDataSource - PooledDataSource forcefully closed/removed all connections.
DEBUG main org.apache.ibatis.datasource.pooled.PooledDataSource - PooledDataSource forcefully closed/removed all connections.
DEBUG main org.apache.ibatis.datasource.pooled.PooledDataSource - PooledDataSource forcefully closed/removed all connections.
DEBUG main org.apache.ibatis.datasource.pooled.PooledDataSource - PooledDataSource forcefully closed/removed all connections.
DEBUG main org.apache.ibatis.transaction.jdbc.JdbcTransaction - Opening JDBC Connection
DEBUG main org.apache.ibatis.datasource.pooled.PooledDataSource - Created connection 1661406123.
DEBUG main org.apache.ibatis.transaction.jdbc.JdbcTransaction - Setting autocommit to false on JDBC Connection [com.mysql.cj.jdbc.ConnectionImpl@63070bab]
DEBUG main com.atguigu.mybatis.mapper.EmployeeMapper.selectAll - ==>  Preparing: select * from tbl_employee;
DEBUG main com.atguigu.mybatis.mapper.EmployeeMapper.selectAll - ==> Parameters:
DEBUG main com.atguigu.mybatis.mapper.EmployeeMapper.selectAll - <==      Total: 2
DEBUG main org.apache.ibatis.transaction.jdbc.JdbcTransaction - Resetting autocommit to true on JDBC Connection [com.mysql.cj.jdbc.ConnectionImpl@63070bab]
DEBUG main org.apache.ibatis.transaction.jdbc.JdbcTransaction - Closing JDBC Connection [com.mysql.cj.jdbc.ConnectionImpl@63070bab]
DEBUG main org.apache.ibatis.datasource.pooled.PooledDataSource - Returned connection 1661406123 to pool.
